2021-07-07 21:19:32.442  INFO 4599 --- [main] t.w.s.l.SpringbootLogbackDemoApplication : Starting SpringbootLogbackDemoApplication using Java 11.0.10 on Lees-MacBook-Pro.local with PID 4599 (/Users/leejiawei/Documents/GitHub/Java/springboot-logback-demo/build/classes/java/main started by leejiawei in /Users/leejiawei/Documents/GitHub/Java/springboot-logback-demo)
2021-07-07 21:19:32.444  INFO 4599 --- [main] t.w.s.l.SpringbootLogbackDemoApplication : No active profile set, falling back to default profiles: default
2021-07-07 21:19:33.138  INFO 4599 --- [main] o.s.b.w.embedded.tomcat.TomcatWebServer  : Tomcat initialized with port(s): 8080 (http)
2021-07-07 21:19:33.146  INFO 4599 --- [main] o.apache.catalina.core.StandardService   : Starting service [Tomcat]
2021-07-07 21:19:33.147  INFO 4599 --- [main] org.apache.catalina.core.StandardEngine  : Starting Servlet engine: [Apache Tomcat/9.0.48]
2021-07-07 21:19:33.197  INFO 4599 --- [main] o.a.c.c.C.[Tomcat].[localhost].[/]       : Initializing Spring embedded WebApplicationContext
2021-07-07 21:19:33.197  INFO 4599 --- [main] w.s.c.ServletWebServerApplicationContext : Root WebApplicationContext: initialization completed in 718 ms
2021-07-07 21:19:33.574  INFO 4599 --- [main] o.s.b.w.embedded.tomcat.TomcatWebServer  : Tomcat started on port(s): 8080 (http) with context path ''
2021-07-07 21:19:33.586  INFO 4599 --- [main] t.w.s.l.SpringbootLogbackDemoApplication : Started SpringbootLogbackDemoApplication in 1.762 seconds (JVM running for 2.615)
2021-07-07 21:19:33.590  INFO 4599 --- [main] t.w.s.l.SpringbootLogbackDemoApplication : Spring boot启动初始化了 137 个 Bean
2021-07-07 21:19:33.590  WARN 4599 --- [main] t.w.s.l.SpringbootLogbackDemoApplication : Spring boot启动初始化了 137 个 Bean
2021-07-07 21:19:33.591 ERROR 4599 --- [main] t.w.s.l.SpringbootLogbackDemoApplication : Spring boot启动初始化了 137 个 Bean
2021-07-07 21:22:31.264  INFO 4669 --- [main] t.w.s.l.SpringbootLogbackDemoApplication : Starting SpringbootLogbackDemoApplication using Java 11.0.10 on Lees-MacBook-Pro.local with PID 4669 (/Users/leejiawei/Documents/GitHub/Java/springboot-logback-demo/build/classes/java/main started by leejiawei in /Users/leejiawei/Documents/GitHub/Java/springboot-logback-demo)
2021-07-07 21:22:31.265  INFO 4669 --- [main] t.w.s.l.SpringbootLogbackDemoApplication : No active profile set, falling back to default profiles: default
2021-07-07 21:22:31.915  INFO 4669 --- [main] o.s.b.w.embedded.tomcat.TomcatWebServer  : Tomcat initialized with port(s): 8080 (http)
2021-07-07 21:22:31.923  INFO 4669 --- [main] o.apache.catalina.core.StandardService   : Starting service [Tomcat]
2021-07-07 21:22:31.923  INFO 4669 --- [main] org.apache.catalina.core.StandardEngine  : Starting Servlet engine: [Apache Tomcat/9.0.48]
2021-07-07 21:22:31.972  INFO 4669 --- [main] o.a.c.c.C.[Tomcat].[localhost].[/]       : Initializing Spring embedded WebApplicationContext
2021-07-07 21:22:31.972  INFO 4669 --- [main] w.s.c.ServletWebServerApplicationContext : Root WebApplicationContext: initialization completed in 676 ms
2021-07-07 21:22:32.266  INFO 4669 --- [main] o.s.b.w.embedded.tomcat.TomcatWebServer  : Tomcat started on port(s): 8080 (http) with context path ''
2021-07-07 21:22:32.278  INFO 4669 --- [main] t.w.s.l.SpringbootLogbackDemoApplication : Started SpringbootLogbackDemoApplication in 1.657 seconds (JVM running for 2.426)
2021-07-07 21:22:32.286  INFO 4669 --- [main] t.w.s.l.SpringbootLogbackDemoApplication : Spring boot启动初始化了 137 个 Bean
2021-07-07 21:22:32.287  WARN 4669 --- [main] t.w.s.l.SpringbootLogbackDemoApplication : Spring boot启动初始化了 137 个 Bean
2021-07-07 21:22:32.287 ERROR 4669 --- [main] t.w.s.l.SpringbootLogbackDemoApplication : Spring boot启动初始化了 137 个 Bean
2021-07-07 21:36:16.346  INFO 5119 --- [main] t.w.s.l.SpringbootLogbackDemoApplication : Starting SpringbootLogbackDemoApplication using Java 11.0.10 on Lees-MacBook-Pro.local with PID 5119 (/Users/leejiawei/Documents/GitHub/Java/springboot-logback-demo/build/classes/java/main started by leejiawei in /Users/leejiawei/Documents/GitHub/Java/springboot-logback-demo)
2021-07-07 21:36:16.348  INFO 5119 --- [main] t.w.s.l.SpringbootLogbackDemoApplication : No active profile set, falling back to default profiles: default
2021-07-07 21:36:17.160  INFO 5119 --- [main] o.s.b.w.embedded.tomcat.TomcatWebServer  : Tomcat initialized with port(s): 8080 (http)
2021-07-07 21:36:17.169  INFO 5119 --- [main] o.apache.catalina.core.StandardService   : Starting service [Tomcat]
2021-07-07 21:36:17.169  INFO 5119 --- [main] org.apache.catalina.core.StandardEngine  : Starting Servlet engine: [Apache Tomcat/9.0.48]
2021-07-07 21:36:17.220  INFO 5119 --- [main] o.a.c.c.C.[Tomcat].[localhost].[/]       : Initializing Spring embedded WebApplicationContext
2021-07-07 21:36:17.220  INFO 5119 --- [main] w.s.c.ServletWebServerApplicationContext : Root WebApplicationContext: initialization completed in 839 ms
2021-07-07 21:36:17.565  INFO 5119 --- [main] o.s.b.w.embedded.tomcat.TomcatWebServer  : Tomcat started on port(s): 8080 (http) with context path ''
2021-07-07 21:36:17.574  INFO 5119 --- [main] t.w.s.l.SpringbootLogbackDemoApplication : Started SpringbootLogbackDemoApplication in 2.028 seconds (JVM running for 2.93)
2021-07-07 21:36:17.577  INFO 5119 --- [main] t.w.s.l.SpringbootLogbackDemoApplication : Spring boot启动初始化了 137 个 Bean
2021-07-07 21:36:17.577  WARN 5119 --- [main] t.w.s.l.SpringbootLogbackDemoApplication : Spring boot启动初始化了 137 个 Bean
2021-07-07 21:36:17.578 ERROR 5119 --- [main] t.w.s.l.SpringbootLogbackDemoApplication : Spring boot启动初始化了 137 个 Bean
2021-07-07 21:40:37.185  INFO 5207 --- [main] t.w.s.l.SpringbootLogbackDemoApplication : Starting SpringbootLogbackDemoApplication using Java 11.0.10 on Lees-MacBook-Pro.local with PID 5207 (/Users/leejiawei/Documents/GitHub/Java/springboot-logback-demo/build/classes/java/main started by leejiawei in /Users/leejiawei/Documents/GitHub/Java/springboot-logback-demo)
2021-07-07 21:40:37.187  INFO 5207 --- [main] t.w.s.l.SpringbootLogbackDemoApplication : No active profile set, falling back to default profiles: default
2021-07-07 21:40:37.972  INFO 5207 --- [main] o.s.b.w.embedded.tomcat.TomcatWebServer  : Tomcat initialized with port(s): 8080 (http)
2021-07-07 21:40:37.980  INFO 5207 --- [main] o.apache.catalina.core.StandardService   : Starting service [Tomcat]
2021-07-07 21:40:37.981  INFO 5207 --- [main] org.apache.catalina.core.StandardEngine  : Starting Servlet engine: [Apache Tomcat/9.0.48]
2021-07-07 21:40:38.028  INFO 5207 --- [main] o.a.c.c.C.[Tomcat].[localhost].[/]       : Initializing Spring embedded WebApplicationContext
2021-07-07 21:40:38.028  INFO 5207 --- [main] w.s.c.ServletWebServerApplicationContext : Root WebApplicationContext: initialization completed in 809 ms
2021-07-07 21:40:38.312  INFO 5207 --- [main] o.s.b.w.embedded.tomcat.TomcatWebServer  : Tomcat started on port(s): 8080 (http) with context path ''
2021-07-07 21:40:38.323  INFO 5207 --- [main] t.w.s.l.SpringbootLogbackDemoApplication : Started SpringbootLogbackDemoApplication in 1.915 seconds (JVM running for 3.09)
2021-07-07 21:40:38.327  INFO 5207 --- [main] t.w.s.l.SpringbootLogbackDemoApplication : Spring boot启动初始化了 137 个 Bean
2021-07-07 21:40:38.327  WARN 5207 --- [main] t.w.s.l.SpringbootLogbackDemoApplication : Spring boot启动初始化了 137 个 Bean
2021-07-07 21:40:38.327 ERROR 5207 --- [main] t.w.s.l.SpringbootLogbackDemoApplication : Spring boot启动初始化了 137 个 Bean
2021-07-07 23:06:02.153  INFO 6247 --- [main] t.w.s.l.SpringbootLogbackDemoApplication : Starting SpringbootLogbackDemoApplication using Java 11.0.10 on Lees-MacBook-Pro.local with PID 6247 (/Users/leejiawei/Documents/GitHub/Java/springboot-logback-demo/build/classes/java/main started by leejiawei in /Users/leejiawei/Documents/GitHub/Java/springboot-logback-demo)
2021-07-07 23:06:02.155  INFO 6247 --- [main] t.w.s.l.SpringbootLogbackDemoApplication : No active profile set, falling back to default profiles: default
2021-07-07 23:06:03.001  INFO 6247 --- [main] o.s.b.w.embedded.tomcat.TomcatWebServer  : Tomcat initialized with port(s): 8080 (http)
2021-07-07 23:06:03.011  INFO 6247 --- [main] o.apache.catalina.core.StandardService   : Starting service [Tomcat]
2021-07-07 23:06:03.012  INFO 6247 --- [main] org.apache.catalina.core.StandardEngine  : Starting Servlet engine: [Apache Tomcat/9.0.48]
2021-07-07 23:06:03.076  INFO 6247 --- [main] o.a.c.c.C.[Tomcat].[localhost].[/]       : Initializing Spring embedded WebApplicationContext
2021-07-07 23:06:03.077  INFO 6247 --- [main] w.s.c.ServletWebServerApplicationContext : Root WebApplicationContext: initialization completed in 875 ms
2021-07-07 23:06:03.415  INFO 6247 --- [main] o.s.b.w.embedded.tomcat.TomcatWebServer  : Tomcat started on port(s): 8080 (http) with context path ''
2021-07-07 23:06:03.435  INFO 6247 --- [main] t.w.s.l.SpringbootLogbackDemoApplication : Started SpringbootLogbackDemoApplication in 2.589 seconds (JVM running for 3.618)
2021-07-07 23:06:03.443  INFO 6247 --- [main] t.w.s.l.SpringbootLogbackDemoApplication : Spring boot启动初始化了 137 个 Bean
2021-07-07 23:06:03.444  WARN 6247 --- [main] t.w.s.l.SpringbootLogbackDemoApplication : Spring boot启动初始化了 137 个 Bean
2021-07-07 23:06:03.444 ERROR 6247 --- [main] t.w.s.l.SpringbootLogbackDemoApplication : Spring boot启动初始化了 137 个 Bean
2021-07-07 23:07:22.382  INFO 6278 --- [main] t.w.s.l.SpringbootLogbackDemoApplication : Starting SpringbootLogbackDemoApplication using Java 11.0.10 on Lees-MacBook-Pro.local with PID 6278 (/Users/leejiawei/Documents/GitHub/Java/springboot-logback-demo/build/classes/java/main started by leejiawei in /Users/leejiawei/Documents/GitHub/Java/springboot-logback-demo)
2021-07-07 23:07:22.384  INFO 6278 --- [main] t.w.s.l.SpringbootLogbackDemoApplication : No active profile set, falling back to default profiles: default
2021-07-07 23:07:23.154  INFO 6278 --- [main] o.s.b.w.embedded.tomcat.TomcatWebServer  : Tomcat initialized with port(s): 8080 (http)
2021-07-07 23:07:23.165  INFO 6278 --- [main] o.apache.catalina.core.StandardService   : Starting service [Tomcat]
2021-07-07 23:07:23.165  INFO 6278 --- [main] org.apache.catalina.core.StandardEngine  : Starting Servlet engine: [Apache Tomcat/9.0.48]
2021-07-07 23:07:23.218  INFO 6278 --- [main] o.a.c.c.C.[Tomcat].[localhost].[/]       : Initializing Spring embedded WebApplicationContext
2021-07-07 23:07:23.218  INFO 6278 --- [main] w.s.c.ServletWebServerApplicationContext : Root WebApplicationContext: initialization completed in 798 ms
2021-07-07 23:07:23.595  INFO 6278 --- [main] o.s.b.w.embedded.tomcat.TomcatWebServer  : Tomcat started on port(s): 8080 (http) with context path ''
2021-07-07 23:07:23.606  INFO 6278 --- [main] t.w.s.l.SpringbootLogbackDemoApplication : Started SpringbootLogbackDemoApplication in 1.82 seconds (JVM running for 2.541)
2021-07-07 23:07:23.610  INFO 6278 --- [main] t.w.s.l.SpringbootLogbackDemoApplication : Spring boot启动初始化了 137 个 Bean
2021-07-07 23:07:23.610  WARN 6278 --- [main] t.w.s.l.SpringbootLogbackDemoApplication : Spring boot启动初始化了 137 个 Bean
2021-07-07 23:07:23.610 ERROR 6278 --- [main] t.w.s.l.SpringbootLogbackDemoApplication : Spring boot启动初始化了 137 个 Bean
2021-07-07 23:19:29.841  INFO 6522 --- [main] t.w.s.l.SpringbootLogbackDemoApplication : Starting SpringbootLogbackDemoApplication using Java 11.0.10 on Lees-MacBook-Pro.local with PID 6522 (/Users/leejiawei/Documents/GitHub/Java/springboot-logback-demo/build/classes/java/main started by leejiawei in /Users/leejiawei/Documents/GitHub/Java/springboot-logback-demo)
2021-07-07 23:19:29.851  INFO 6522 --- [main] t.w.s.l.SpringbootLogbackDemoApplication : No active profile set, falling back to default profiles: default
2021-07-07 23:19:30.538  INFO 6522 --- [main] o.s.b.w.embedded.tomcat.TomcatWebServer  : Tomcat initialized with port(s): 8080 (http)
2021-07-07 23:19:30.546  INFO 6522 --- [main] o.apache.catalina.core.StandardService   : Starting service [Tomcat]
2021-07-07 23:19:30.546  INFO 6522 --- [main] org.apache.catalina.core.StandardEngine  : Starting Servlet engine: [Apache Tomcat/9.0.48]
2021-07-07 23:19:30.595  INFO 6522 --- [main] o.a.c.c.C.[Tomcat].[localhost].[/]       : Initializing Spring embedded WebApplicationContext
2021-07-07 23:19:30.596  INFO 6522 --- [main] w.s.c.ServletWebServerApplicationContext : Root WebApplicationContext: initialization completed in 708 ms
2021-07-07 23:19:30.956  INFO 6522 --- [main] o.s.b.w.embedded.tomcat.TomcatWebServer  : Tomcat started on port(s): 8080 (http) with context path ''
2021-07-07 23:19:30.964  INFO 6522 --- [main] t.w.s.l.SpringbootLogbackDemoApplication : Started SpringbootLogbackDemoApplication in 1.725 seconds (JVM running for 2.524)
2021-07-07 23:19:30.968  INFO 6522 --- [main] t.w.s.l.SpringbootLogbackDemoApplication : Spring boot启动初始化了 137 个 Bean
2021-07-07 23:19:30.968  WARN 6522 --- [main] t.w.s.l.SpringbootLogbackDemoApplication : Spring boot启动初始化了 137 个 Bean
2021-07-07 23:19:30.968 ERROR 6522 --- [main] t.w.s.l.SpringbootLogbackDemoApplication : Spring boot启动初始化了 137 个 Bean
2021-07-07 23:57:35.791  INFO 7198 --- [main] t.w.s.l.SpringbootLogbackDemoApplication : Starting SpringbootLogbackDemoApplication using Java 11.0.10 on Lees-MacBook-Pro.local with PID 7198 (/Users/leejiawei/Documents/GitHub/Java/springboot-logback-demo/build/classes/java/main started by leejiawei in /Users/leejiawei/Documents/GitHub/Java/springboot-logback-demo)
2021-07-07 23:57:35.793  INFO 7198 --- [main] t.w.s.l.SpringbootLogbackDemoApplication : No active profile set, falling back to default profiles: default
2021-07-07 23:57:36.463  INFO 7198 --- [main] o.s.b.w.embedded.tomcat.TomcatWebServer  : Tomcat initialized with port(s): 8080 (http)
2021-07-07 23:57:36.472  INFO 7198 --- [main] o.apache.catalina.core.StandardService   : Starting service [Tomcat]
2021-07-07 23:57:36.472  INFO 7198 --- [main] org.apache.catalina.core.StandardEngine  : Starting Servlet engine: [Apache Tomcat/9.0.48]
2021-07-07 23:57:36.528  INFO 7198 --- [main] o.a.c.c.C.[Tomcat].[localhost].[/]       : Initializing Spring embedded WebApplicationContext
2021-07-07 23:57:36.529  INFO 7198 --- [main] w.s.c.ServletWebServerApplicationContext : Root WebApplicationContext: initialization completed in 700 ms
2021-07-07 23:57:36.971  INFO 7198 --- [main] o.s.b.w.embedded.tomcat.TomcatWebServer  : Tomcat started on port(s): 8080 (http) with context path ''
2021-07-07 23:57:36.986  INFO 7198 --- [main] t.w.s.l.SpringbootLogbackDemoApplication : Started SpringbootLogbackDemoApplication in 1.742 seconds (JVM running for 2.686)
2021-07-07 23:57:36.992  INFO 7198 --- [main] t.w.s.l.SpringbootLogbackDemoApplication : Spring boot启动初始化了 137 个 Bean
2021-07-07 23:57:36.992  WARN 7198 --- [main] t.w.s.l.SpringbootLogbackDemoApplication : Spring boot启动初始化了 137 个 Bean
2021-07-07 23:57:36.992 ERROR 7198 --- [main] t.w.s.l.SpringbootLogbackDemoApplication : Spring boot启动初始化了 137 个 Bean
